#
# There is insufficient memory for the Java Runtime Environment to continue.
# Native memory allocation (mmap) failed to map 147849216 bytes for committing reserved memory.
# Possible reasons:
#   The system is out of physical RAM or swap space
#   The process is running with CompressedOops enabled, and the Java Heap may be blocking the growth of the native heap
# Possible solutions:
#   Reduce memory load on the system
#   Increase physical memory or swap space
#   Check if swap backing store is full
#   Decrease Java heap size (-Xmx/-Xms)
#   Decrease number of Java threads
#   Decrease Java thread stack sizes (-Xss)
#   Set larger code cache with -XX:ReservedCodeCacheSize=
#   JVM is running with Unscaled Compressed Oops mode in which the Java heap is
#     placed in the first 4GB address space. The Java Heap base address is the
#     maximum limit for the native heap growth. Please use -XX:HeapBaseMinAddress
#     to set the Java Heap base and to place the Java Heap above 4GB virtual address.
# This output file may be truncated or incomplete.
#
#  Out of Memory Error (os_linux.cpp:2749), pid=23161, tid=0x00007f0423efe700
#
# JRE version: Java(TM) SE Runtime Environment (8.0_201-b09) (build 1.8.0_201-b09)
# Java VM: Java HotSpot(TM) 64-Bit Server VM (25.201-b09 mixed mode linux-amd64 compressed oops)
# Failed to write core dump. Core dumps have been disabled. To enable core dumping, try "ulimit -c unlimited" before starting Java again
#

---------------  T H R E A D  ---------------

Current thread (0x00007f043807a800):  VMThread [stack: 0x00007f0423dff000,0x00007f0423eff000] [id=23170]

Stack: [0x00007f0423dff000,0x00007f0423eff000],  sp=0x00007f0423efd3d0,  free space=1016k
Native frames: (J=compiled Java code, j=interpreted, Vv=VM code, C=native code)
V  [libjvm.so+0xad3525]  VMError::report_and_die()+0x2e5
V  [libjvm.so+0x4e0457]  report_vm_out_of_memory(char const*, int, unsigned long, VMErrorType, char const*)+0x67
V  [libjvm.so+0x9102f0]  os::pd_commit_memory(char*, unsigned long, unsigned long, bool)+0x100
V  [libjvm.so+0x90791f]  os::commit_memory(char*, unsigned long, unsigned long, bool)+0x1f
V  [libjvm.so+0x98c806]  PSVirtualSpace::expand_by(unsigned long)+0x56
V  [libjvm.so+0x97badb]  PSOldGen::expand_by(unsigned long) [clone .part.28]+0x1b
V  [libjvm.so+0x97bc98]  PSOldGen::expand(unsigned long) [clone .part.29]+0xa8
V  [libjvm.so+0x97c841]  PSOldGen::resize(unsigned long)+0xe1
V  [libjvm.so+0x98297c]  PSParallelCompact::invoke_no_policy(bool) [clone .part.118]+0xa2c
V  [libjvm.so+0x98a795]  PSScavenge::invoke()+0x215
V  [libjvm.so+0x93a318]  ParallelScavengeHeap::failed_mem_allocate(unsigned long)+0x68
V  [libjvm.so+0xad5073]  VM_ParallelGCFailedAllocation::doit()+0x93
V  [libjvm.so+0xada296]  VM_Operation::evaluate()+0x46
V  [libjvm.so+0xad85cd]  VMThread::evaluate_operation(VM_Operation*) [clone .constprop.44]+0xcd
V  [libjvm.so+0xad8bb3]  VMThread::loop()+0x3a3
V  [libjvm.so+0xad8f88]  VMThread::run()+0x78
V  [libjvm.so+0x90d922]  java_start(Thread*)+0x102

VM_Operation (0x00007f043fd0a3a0): ParallelGCFailedAllocation, mode: safepoint, requested by thread 0x00007f043800c800


---------------  P R O C E S S  ---------------

Java Threads: ( => current thread )
  0x00007f04380c3000 JavaThread "Service Thread" daemon [_thread_blocked, id=23177, stack(0x00007f0423186000,0x00007f0423287000)]
  0x00007f04380c0000 JavaThread "C1 CompilerThread2" daemon [_thread_blocked, id=23176, stack(0x00007f0423288000,0x00007f0423388000)]
  0x00007f04380be000 JavaThread "C2 CompilerThread1" daemon [_thread_blocked, id=23175, stack(0x00007f0423389000,0x00007f0423489000)]
  0x00007f04380bb000 JavaThread "C2 CompilerThread0" daemon [_thread_blocked, id=23174, stack(0x00007f042348a000,0x00007f042358a000)]
  0x00007f04380b9800 JavaThread "Signal Dispatcher" daemon [_thread_blocked, id=23173, stack(0x00007f042358a000,0x00007f042368b000)]
  0x00007f0438086800 JavaThread "Finalizer" daemon [_thread_blocked, id=23172, stack(0x00007f0423bfc000,0x00007f0423cfd000)]
  0x00007f0438084000 JavaThread "Reference Handler" daemon [_thread_blocked, id=23171, stack(0x00007f0423cfd000,0x00007f0423dfe000)]
  0x00007f043800c800 JavaThread "main" [_thread_blocked, id=23163, stack(0x00007f043fc0c000,0x00007f043fd0c000)]

Other Threads:
=>0x00007f043807a800 VMThread [stack: 0x00007f0423dff000,0x00007f0423eff000] [id=23170]
  0x00007f04380c5800 WatcherThread [stack: 0x00007f0423086000,0x00007f0423186000] [id=23178]

VM state:at safepoint (normal execution)

VM Mutex/Monitor currently owned by a thread:  ([mutex/lock_event])
[0x00007f0438008770] ExpandHeap_lock - owner thread: 0x00007f043807a800
[0x00007f0438008df0] Threads_lock - owner thread: 0x00007f043807a800
[0x00007f04380092f0] Heap_lock - owner thread: 0x00007f043800c800

heap address: 0x00000000c4200000, size: 958 MB, Compressed Oops mode: 32-bit
Narrow klass base: 0x0000000000000000, Narrow klass shift: 3
Compressed class space size: 1073741824 Address: 0x0000000100000000

Heap:
 PSYoungGen      total 233984K, used 17440K [0x00000000ec100000, 0x0000000100000000, 0x0000000100000000)
  eden space 141312K, 0% used [0x00000000ec100000,0x00000000ec100000,0x00000000f4b00000)
  from space 92672K, 18% used [0x00000000f4b00000,0x00000000f5c08218,0x00000000fa580000)
  to   space 87552K, 0% used [0x00000000faa80000,0x00000000faa80000,0x0000000100000000)
 ParOldGen       total 336896K, used 336833K [0x00000000c4200000, 0x00000000d8b00000, 0x00000000ec100000)
  object space 336896K, 99% used [0x00000000c4200000,0x00000000d8af07c8,0x00000000d8b00000)
 Metaspace       used 18922K, capacity 19240K, committed 19712K, reserved 1067008K
  class space    used 2370K, capacity 2463K, committed 2560K, reserved 1048576K

Card table byte_map: [0x00007f043efbc000,0x00007f043f19c000] byte_map_base: 0x00007f043e99b000

Marking Bits: (ParMarkBitMap*) 0x00007f0440e64d80
 Begin Bits: [0x00007f043cc88000, 0x00007f043db80000)
 End Bits:   [0x00007f043db80000, 0x00007f043ea78000)

Polling page: 0x00007f04412c7000

CodeCache: size=245760Kb used=9601Kb max_used=9601Kb free=236158Kb
 bounds [0x00007f0429000000, 0x00007f0429970000, 0x00007f0438000000]
 total_blobs=2732 nmethods=2361 adapters=284
 compilation: enabled

Compilation events (10 events):
Event: 14,195 Thread 0x00007f04380c0000 2390       3       org.apache.jena.sparql.engine.iterator.QueryIterRepeatApply::makeNextStage (63 bytes)
Event: 14,195 Thread 0x00007f04380c0000 nmethod 2390 0x00007f0429964d50 code [0x00007f0429964f20, 0x00007f0429965778]
Event: 14,195 Thread 0x00007f04380c0000 2391       3       org.apache.jena.reasoner.rulesys.impl.EnvironmentFrame::<init> (10 bytes)
Event: 14,195 Thread 0x00007f04380c0000 nmethod 2391 0x00007f0429965910 code [0x00007f0429965a80, 0x00007f0429965cb0]
Event: 14,195 Thread 0x00007f04380c0000 2392       3       org.apache.jena.reasoner.rulesys.impl.EnvironmentFrame::allocate (9 bytes)
Event: 14,195 Thread 0x00007f04380c0000 nmethod 2392 0x00007f0429965d90 code [0x00007f0429965f00, 0x00007f04299660f0]
Event: 14,195 Thread 0x00007f04380c0000 2393       3       org.apache.jena.reasoner.rulesys.impl.FrameObject::linkTo (6 bytes)
Event: 14,195 Thread 0x00007f04380c0000 nmethod 2393 0x00007f0429966190 code [0x00007f04299662e0, 0x00007f0429966450]
Event: 14,195 Thread 0x00007f04380c0000 2389       3       org.apache.jena.sparql.engine.iterator.QueryIterTriplePattern$TripleMapper::closeIterator (20 bytes)
Event: 14,196 Thread 0x00007f04380c0000 nmethod 2389 0x00007f04299664d0 code [0x00007f0429966660, 0x00007f0429966a68]

GC Heap History (10 events):
Event: 12,791 GC heap after
Heap after GC invocations=17 (full 3):
 PSYoungGen      total 220160K, used 54220K [0x00000000ec100000, 0x0000000100000000, 0x0000000100000000)
  eden space 165888K, 0% used [0x00000000ec100000,0x00000000ec100000,0x00000000f6300000)
  from space 54272K, 99% used [0x00000000fcb00000,0x00000000ffff3010,0x0000000100000000)
  to   space 80384K, 0% used [0x00000000f6300000,0x00000000f6300000,0x00000000fb180000)
 ParOldGen       total 226304K, used 191957K [0x00000000c4200000, 0x00000000d1f00000, 0x00000000ec100000)
  object space 226304K, 84% used [0x00000000c4200000,0x00000000cfd75588,0x00000000d1f00000)
 Metaspace       used 18919K, capacity 19176K, committed 19712K, reserved 1067008K
  class space    used 2370K, capacity 2463K, committed 2560K, reserved 1048576K
}
Event: 12,791 GC heap before
{Heap before GC invocations=18 (full 4):
 PSYoungGen      total 220160K, used 54220K [0x00000000ec100000, 0x0000000100000000, 0x0000000100000000)
  eden space 165888K, 0% used [0x00000000ec100000,0x00000000ec100000,0x00000000f6300000)
  from space 54272K, 99% used [0x00000000fcb00000,0x00000000ffff3010,0x0000000100000000)
  to   space 80384K, 0% used [0x00000000f6300000,0x00000000f6300000,0x00000000fb180000)
 ParOldGen       total 226304K, used 191957K [0x00000000c4200000, 0x00000000d1f00000, 0x00000000ec100000)
  object space 226304K, 84% used [0x00000000c4200000,0x00000000cfd75588,0x00000000d1f00000)
 Metaspace       used 18919K, capacity 19176K, committed 19712K, reserved 1067008K
  class space    used 2370K, capacity 2463K, committed 2560K, reserved 1048576K
Event: 13,635 GC heap after
Heap after GC invocations=18 (full 4):
 PSYoungGen      total 220160K, used 19800K [0x00000000ec100000, 0x0000000100000000, 0x0000000100000000)
  eden space 165888K, 0% used [0x00000000ec100000,0x00000000ec100000,0x00000000f6300000)
  from space 54272K, 36% used [0x00000000fcb00000,0x00000000fde56310,0x0000000100000000)
  to   space 80384K, 0% used [0x00000000f6300000,0x00000000f6300000,0x00000000fb180000)
 ParOldGen       total 336896K, used 225975K [0x00000000c4200000, 0x00000000d8b00000, 0x00000000ec100000)
  object space 336896K, 67% used [0x00000000c4200000,0x00000000d1eadf08,0x00000000d8b00000)
 Metaspace       used 18919K, capacity 19176K, committed 19712K, reserved 1067008K
  class space    used 2370K, capacity 2463K, committed 2560K, reserved 1048576K
}
Event: 13,900 GC heap before
{Heap before GC invocations=19 (full 4):
 PSYoungGen      total 220160K, used 185688K [0x00000000ec100000, 0x0000000100000000, 0x0000000100000000)
  eden space 165888K, 100% used [0x00000000ec100000,0x00000000f6300000,0x00000000f6300000)
  from space 54272K, 36% used [0x00000000fcb00000,0x00000000fde56310,0x0000000100000000)
  to   space 80384K, 0% used [0x00000000f6300000,0x00000000f6300000,0x00000000fb180000)
 ParOldGen       total 336896K, used 225975K [0x00000000c4200000, 0x00000000d8b00000, 0x00000000ec100000)
  object space 336896K, 67% used [0x00000000c4200000,0x00000000d1eadf08,0x00000000d8b00000)
 Metaspace       used 18919K, capacity 19176K, committed 19712K, reserved 1067008K
  class space    used 2370K, capacity 2463K, committed 2560K, reserved 1048576K
Event: 14,018 GC heap after
Heap after GC invocations=19 (full 4):
 PSYoungGen      total 246272K, used 38048K [0x00000000ec100000, 0x0000000100000000, 0x0000000100000000)
  eden space 165888K, 0% used [0x00000000ec100000,0x00000000ec100000,0x00000000f6300000)
  from space 80384K, 47% used [0x00000000f6300000,0x00000000f8828010,0x00000000fb180000)
  to   space 78336K, 0% used [0x00000000fb380000,0x00000000fb380000,0x0000000100000000)
 ParOldGen       total 336896K, used 245887K [0x00000000c4200000, 0x00000000d8b00000, 0x00000000ec100000)
  object space 336896K, 72% used [0x00000000c4200000,0x00000000d321ff08,0x00000000d8b00000)
 Metaspace       used 18919K, capacity 19176K, committed 19712K, reserved 1067008K
  class space    used 2370K, capacity 2463K, committed 2560K, reserved 1048576K
}
Event: 14,263 GC heap before
{Heap before GC invocations=20 (full 4):
 PSYoungGen      total 246272K, used 203936K [0x00000000ec100000, 0x0000000100000000, 0x0000000100000000)
  eden space 165888K, 100% used [0x00000000ec100000,0x00000000f6300000,0x00000000f6300000)
  from space 80384K, 47% used [0x00000000f6300000,0x00000000f8828010,0x00000000fb180000)
  to   space 78336K, 0% used [0x00000000fb380000,0x00000000fb380000,0x0000000100000000)
 ParOldGen       total 336896K, used 245887K [0x00000000c4200000, 0x00000000d8b00000, 0x00000000ec100000)
  object space 336896K, 72% used [0x00000000c4200000,0x00000000d321ff08,0x00000000d8b00000)
 Metaspace       used 18922K, capacity 19240K, committed 19712K, reserved 1067008K
  class space    used 2370K, capacity 2463K, committed 2560K, reserved 1048576K
Event: 14,331 GC heap after
Heap after GC invocations=20 (full 4):
 PSYoungGen      total 219648K, used 78322K [0x00000000ec100000, 0x0000000100000000, 0x0000000100000000)
  eden space 141312K, 0% used [0x00000000ec100000,0x00000000ec100000,0x00000000f4b00000)
  from space 78336K, 99% used [0x00000000fb380000,0x00000000ffffc818,0x0000000100000000)
  to   space 92672K, 0% used [0x00000000f4b00000,0x00000000f4b00000,0x00000000fa580000)
 ParOldGen       total 336896K, used 248895K [0x00000000c4200000, 0x00000000d8b00000, 0x00000000ec100000)
  object space 336896K, 73% used [0x00000000c4200000,0x00000000d350ff08,0x00000000d8b00000)
 Metaspace       used 18922K, capacity 19240K, committed 19712K, reserved 1067008K
  class space    used 2370K, capacity 2463K, committed 2560K, reserved 1048576K
}
Event: 14,544 GC heap before
{Heap before GC invocations=21 (full 4):
 PSYoungGen      total 219648K, used 219634K [0x00000000ec100000, 0x0000000100000000, 0x0000000100000000)
  eden space 141312K, 100% used [0x00000000ec100000,0x00000000f4b00000,0x00000000f4b00000)
  from space 78336K, 99% used [0x00000000fb380000,0x00000000ffffc818,0x0000000100000000)
  to   space 92672K, 0% used [0x00000000f4b00000,0x00000000f4b00000,0x00000000fa580000)
 ParOldGen       total 336896K, used 248895K [0x00000000c4200000, 0x00000000d8b00000, 0x00000000ec100000)
  object space 336896K, 73% used [0x00000000c4200000,0x00000000d350ff08,0x00000000d8b00000)
 Metaspace       used 18922K, capacity 19240K, committed 19712K, reserved 1067008K
  class space    used 2370K, capacity 2463K, committed 2560K, reserved 1048576K
Event: 14,761 GC heap after
Heap after GC invocations=21 (full 4):
 PSYoungGen      total 233984K, used 32352K [0x00000000ec100000, 0x0000000100000000, 0x0000000100000000)
  eden space 141312K, 0% used [0x00000000ec100000,0x00000000ec100000,0x00000000f4b00000)
  from space 92672K, 34% used [0x00000000f4b00000,0x00000000f6a98000,0x00000000fa580000)
  to   space 87552K, 0% used [0x00000000faa80000,0x00000000faa80000,0x0000000100000000)
 ParOldGen       total 336896K, used 327413K [0x00000000c4200000, 0x00000000d8b00000, 0x00000000ec100000)
  object space 336896K, 97% used [0x00000000c4200000,0x00000000d81bd730,0x00000000d8b00000)
 Metaspace       used 18922K, capacity 19240K, committed 19712K, reserved 1067008K
  class space    used 2370K, capacity 2463K, committed 2560K, reserved 1048576K
}
Event: 14,761 GC heap before
{Heap before GC invocations=22 (full 5):
 PSYoungGen      total 233984K, used 32352K [0x00000000ec100000, 0x0000000100000000, 0x0000000100000000)
  eden space 141312K, 0% used [0x00000000ec100000,0x00000000ec100000,0x00000000f4b00000)
  from space 92672K, 34% used [0x00000000f4b00000,0x00000000f6a98000,0x00000000fa580000)
  to   space 87552K, 0% used [0x00000000faa80000,0x00000000faa80000,0x0000000100000000)
 ParOldGen       total 336896K, used 327413K [0x00000000c4200000, 0x00000000d8b00000, 0x00000000ec100000)
  object space 336896K, 97% used [0x00000000c4200000,0x00000000d81bd730,0x00000000d8b00000)
 Metaspace       used 18922K, capacity 19240K, committed 19712K, reserved 1067008K
  class space    used 2370K, capacity 2463K, committed 2560K, reserved 1048576K

Deoptimization events (10 events):
Event: 5,319 Thread 0x00007f043800c800 Uncommon trap: reason=bimorphic action=maybe_recompile pc=0x00007f04297c93ec method=org.apache.jena.reasoner.transitiveReasoner.GraphNode.leadNode()Lorg/apache/jena/reasoner/transitiveReasoner/GraphNode; @ 5
Event: 5,319 Thread 0x00007f043800c800 Uncommon trap: reason=bimorphic action=maybe_recompile pc=0x00007f04297c93ec method=org.apache.jena.reasoner.transitiveReasoner.GraphNode.leadNode()Lorg/apache/jena/reasoner/transitiveReasoner/GraphNode; @ 5
Event: 5,319 Thread 0x00007f043800c800 Uncommon trap: reason=bimorphic action=maybe_recompile pc=0x00007f04297c93ec method=org.apache.jena.reasoner.transitiveReasoner.GraphNode.leadNode()Lorg/apache/jena/reasoner/transitiveReasoner/GraphNode; @ 5
Event: 5,635 Thread 0x00007f043800c800 Uncommon trap: reason=unstable_if action=reinterpret pc=0x00007f042973df60 method=java.util.HashMap$TreeNode.find(ILjava/lang/Object;Ljava/lang/Class;)Ljava/util/HashMap$TreeNode; @ 39
Event: 6,470 Thread 0x00007f043800c800 Uncommon trap: reason=unstable_if action=reinterpret pc=0x00007f04297d693c method=org.apache.jena.reasoner.rulesys.impl.RETEEngine.nextAddTriple()Lorg/apache/jena/graph/Triple; @ 11
Event: 6,497 Thread 0x00007f043800c800 Uncommon trap: reason=unstable_if action=reinterpret pc=0x00007f0429775968 method=org.apache.jena.reasoner.rulesys.Functor.isFunctor(Lorg/apache/jena/graph/Node;)Z @ 20
Event: 6,567 Thread 0x00007f043800c800 Uncommon trap: reason=unstable_if action=reinterpret pc=0x00007f0429855840 method=org.apache.jena.sparql.engine.iterator.QueryIteratorBase.hasNext()Z @ 41
Event: 6,635 Thread 0x00007f043800c800 Uncommon trap: reason=unstable_if action=reinterpret pc=0x00007f04298e6ac8 method=org.apache.jena.sparql.engine.iterator.QueryIterTriplePattern$TripleMapper.hasNextBinding()Z @ 50
Event: 6,700 Thread 0x00007f043800c800 Uncommon trap: reason=unstable_if action=reinterpret pc=0x00007f04298fa73c method=org.apache.jena.sparql.engine.iterator.QueryIterTriplePattern$TripleMapper.hasNextBinding()Z @ 50
Event: 7,152 Thread 0x00007f043800c800 Uncommon trap: reason=unstable_if action=reinterpret pc=0x00007f04299083a4 method=org.apache.jena.util.iterator.UniqueFilter.test(Ljava/lang/Object;)Z @ 10

Classes redefined (0 events):
No events

Internal exceptions (10 events):
Event: 0,449 Thread 0x00007f043800c800 Exception <a 'java/lang/ClassNotFoundException': org/apache/log4j/WriterAppenderBeanInfo> (0x00000000ec806968) thrown at [/HUDSON/workspace/8-2-build-linux-amd64/jdk8u201/12317/hotspot/src/share/vm/classfile/systemDictionary.cpp, line 210]
Event: 0,449 Thread 0x00007f043800c800 Exception <a 'java/lang/ClassNotFoundException': org/apache/log4j/AppenderSkeletonBeanInfo> (0x00000000ec80f960) thrown at [/HUDSON/workspace/8-2-build-linux-amd64/jdk8u201/12317/hotspot/src/share/vm/classfile/systemDictionary.cpp, line 210]
Event: 0,449 Thread 0x00007f043800c800 Exception <a 'java/lang/ClassNotFoundException': org/apache/log4j/AppenderSkeletonCustomizer> (0x00000000ec818f30) thrown at [/HUDSON/workspace/8-2-build-linux-amd64/jdk8u201/12317/hotspot/src/share/vm/classfile/systemDictionary.cpp, line 210]
Event: 0,452 Thread 0x00007f043800c800 Exception <a 'java/lang/ClassNotFoundException': org/apache/log4j/WriterAppenderCustomizer> (0x00000000ec835d90) thrown at [/HUDSON/workspace/8-2-build-linux-amd64/jdk8u201/12317/hotspot/src/share/vm/classfile/systemDictionary.cpp, line 210]
Event: 0,454 Thread 0x00007f043800c800 Exception <a 'java/lang/ClassNotFoundException': org/apache/log4j/ConsoleAppenderCustomizer> (0x00000000ec84b4f0) thrown at [/HUDSON/workspace/8-2-build-linux-amd64/jdk8u201/12317/hotspot/src/share/vm/classfile/systemDictionary.cpp, line 210]
Event: 1,126 Thread 0x00007f043800c800 Exception <a 'java/lang/NoSuchMethodError': java.lang.Object.lambda$and$0(Ljava/util/function/Predicate;Ljava/lang/Object;)Z> (0x00000000ec8c2208) thrown at [/HUDSON/workspace/8-2-build-linux-amd64/jdk8u201/12317/hotspot/src/share/vm/interpreter/linkResol
Event: 3,027 Thread 0x00007f043800c800 Exception <a 'java/lang/NoSuchMethodError': java.lang.Object.lambda$negate$1(Ljava/lang/Object;)Z> (0x00000000ee478128) thrown at [/HUDSON/workspace/8-2-build-linux-amd64/jdk8u201/12317/hotspot/src/share/vm/interpreter/linkResolver.cpp, line 620]
Event: 3,028 Thread 0x00007f043800c800 Implicit null exception at 0x00007f0429526fbd to 0x00007f0429527145
Event: 4,377 Thread 0x00007f043800c800 Implicit null exception at 0x00007f042972f1a8 to 0x00007f0429733515
Event: 4,812 Thread 0x00007f043800c800 Implicit null exception at 0x00007f0429779c53 to 0x00007f042977b27d

Events (10 events):
Event: 8,778 Executing VM operation: ParallelGCFailedAllocation done
Event: 9,132 Executing VM operation: ParallelGCFailedAllocation
Event: 12,312 Executing VM operation: ParallelGCFailedAllocation done
Event: 12,662 Executing VM operation: ParallelGCFailedAllocation
Event: 13,635 Executing VM operation: ParallelGCFailedAllocation done
Event: 13,900 Executing VM operation: ParallelGCFailedAllocation
Event: 14,018 Executing VM operation: ParallelGCFailedAllocation done
Event: 14,263 Executing VM operation: ParallelGCFailedAllocation
Event: 14,331 Executing VM operation: ParallelGCFailedAllocation done
Event: 14,544 Executing VM operation: ParallelGCFailedAllocation


Dynamic libraries:
00400000-00401000 r-xp 00000000 08:01 3160217                            /usr/lib/jvm/java-8-oracle/bin/java
00600000-00601000 r--p 00000000 08:01 3160217                            /usr/lib/jvm/java-8-oracle/bin/java
00601000-00602000 rw-p 00001000 08:01 3160217                            /usr/lib/jvm/java-8-oracle/bin/java
01b8b000-01bac000 rw-p 00000000 00:00 0                                  [heap]
c4200000-d8b00000 rw-p 00000000 00:00 0 
e1800000-ec100000 ---p 00000000 00:00 0 
ec100000-100000000 rw-p 00000000 00:00 0 
100000000-100280000 rw-p 00000000 00:00 0 
100280000-140000000 ---p 00000000 00:00 0 
7f03ec000000-7f03ec021000 rw-p 00000000 00:00 0 
7f03ec021000-7f03f0000000 ---p 00000000 00:00 0 
7f03f0000000-7f03f0021000 rw-p 00000000 00:00 0 
7f03f0021000-7f03f4000000 ---p 00000000 00:00 0 
7f03f4000000-7f03f5b5e000 rw-p 00000000 00:00 0 
7f03f5b5e000-7f03f8000000 ---p 00000000 00:00 0 
7f03f8000000-7f03f8d52000 rw-p 00000000 00:00 0 
7f03f8d52000-7f03fc000000 ---p 00000000 00:00 0 
7f03fc000000-7f03fc021000 rw-p 00000000 00:00 0 
7f03fc021000-7f0400000000 ---p 00000000 00:00 0 
7f0400000000-7f0401d31000 rw-p 00000000 00:00 0 
7f0401d31000-7f0404000000 ---p 00000000 00:00 0 
7f0404000000-7f0404021000 rw-p 00000000 00:00 0 
7f0404021000-7f0408000000 ---p 00000000 00:00 0 
7f0408000000-7f0408021000 rw-p 00000000 00:00 0 
7f0408021000-7f040c000000 ---p 00000000 00:00 0 
7f040c000000-7f040c021000 rw-p 00000000 00:00 0 
7f040c021000-7f0410000000 ---p 00000000 00:00 0 
7f0410000000-7f04102b7000 rw-p 00000000 00:00 0 
7f04102b7000-7f0414000000 ---p 00000000 00:00 0 
7f0414000000-7f04140f8000 rw-p 00000000 00:00 0 
7f04140f8000-7f0418000000 ---p 00000000 00:00 0 
7f0418fff000-7f041c000000 rw-p 00000000 00:00 0 
7f041c000000-7f041c021000 rw-p 00000000 00:00 0 
7f041c021000-7f0420000000 ---p 00000000 00:00 0 
7f0422196000-7f042219d000 r--s 00000000 08:01 3431804                    /usr/lib/x86_64-linux-gnu/gconv/gconv-modules.cache
7f042219d000-7f04221c3000 r--p 00000000 08:01 4212802                    /usr/share/locale-langpack/pt_BR/LC_MESSAGES/libc.mo
7f04221c3000-7f0422283000 rw-p 00000000 00:00 0 
7f0422283000-7f04223c3000 ---p 00000000 00:00 0 
7f04223c3000-7f04225c3000 rw-p 00000000 00:00 0 
7f04225c3000-7f04225c8000 r--s 002f9000 08:01 3161710                    /usr/lib/jvm/java-8-oracle/jre/lib/charsets.jar
7f04225c8000-7f04225cc000 r--s 000a1000 08:01 3161717                    /usr/lib/jvm/java-8-oracle/jre/lib/jsse.jar
7f04225cc000-7f04227cc000 rw-p 00000000 00:00 0 
7f04227cc000-7f04227e2000 r-xp 00000000 08:01 3161773                    /usr/lib/jvm/java-8-oracle/jre/lib/amd64/libnet.so
7f04227e2000-7f04229e2000 ---p 00016000 08:01 3161773                    /usr/lib/jvm/java-8-oracle/jre/lib/amd64/libnet.so
7f04229e2000-7f04229e3000 r--p 00016000 08:01 3161773                    /usr/lib/jvm/java-8-oracle/jre/lib/amd64/libnet.so
7f04229e3000-7f04229e4000 rw-p 00017000 08:01 3161773                    /usr/lib/jvm/java-8-oracle/jre/lib/amd64/libnet.so
7f04229e4000-7f04229f5000 r-xp 00000000 08:01 3161776                    /usr/lib/jvm/java-8-oracle/jre/lib/amd64/libnio.so
7f04229f5000-7f0422bf4000 ---p 00011000 08:01 3161776                    /usr/lib/jvm/java-8-oracle/jre/lib/amd64/libnio.so
7f0422bf4000-7f0422bf5000 r--p 00010000 08:01 3161776                    /usr/lib/jvm/java-8-oracle/jre/lib/amd64/libnio.so
7f0422bf5000-7f0422bf6000 rw-p 00011000 08:01 3161776                    /usr/lib/jvm/java-8-oracle/jre/lib/amd64/libnio.so
7f0422bf6000-7f0422df6000 rw-p 00000000 00:00 0 
7f0422df6000-7f0422ff6000 rw-p 00000000 00:00 0 
7f0422ff6000-7f0423009000 r--s 00345000 08:01 3161716                    /usr/lib/jvm/java-8-oracle/jre/lib/resources.jar
7f0423009000-7f0423013000 r--s 00116000 08:01 3161868                    /usr/lib/jvm/java-8-oracle/jre/lib/ext/localedata.jar
7f0423013000-7f042301c000 r--s 0006f000 08:01 4471449                    /home/luizgustavo/Downloads/apache-jena-3.10.0/lib/log4j-1.2.17.jar
7f042301c000-7f0423021000 r--s 00035000 08:01 4471439                    /home/luizgustavo/Downloads/apache-jena-3.10.0/lib/libthrift-0.10.0.jar
7f0423021000-7f0423045000 r--s 0016f000 08:01 4471433                    /home/luizgustavo/Downloads/apache-jena-3.10.0/lib/jsonld-java-0.12.1.jar
7f0423045000-7f042304a000 r--s 0003d000 08:01 4471443                    /home/luizgustavo/Downloads/apache-jena-3.10.0/lib/jena-tdb2-3.10.0.jar
7f042304a000-7f0423085000 r--s 00281000 08:01 4471425                    /home/luizgustavo/Downloads/apache-jena-3.10.0/lib/jena-shaded-guava-3.10.0.jar
7f0423085000-7f0423086000 ---p 00000000 00:00 0 
7f0423086000-7f0423186000 rw-p 00000000 00:00 0 
7f0423186000-7f0423189000 ---p 00000000 00:00 0 
7f0423189000-7f0423287000 rw-p 00000000 00:00 0 
7f0423287000-7f0423288000 ---p 00000000 00:00 0 
7f0423288000-7f042328b000 ---p 00000000 00:00 0 
7f042328b000-7f0423388000 rw-p 00000000 00:00 0 
7f0423388000-7f0423389000 ---p 00000000 00:00 0 
7f0423389000-7f042338c000 ---p 00000000 00:00 0 
7f042338c000-7f0423489000 rw-p 00000000 00:00 0 
7f0423489000-7f042348a000 ---p 00000000 00:00 0 
7f042348a000-7f042348d000 ---p 00000000 00:00 0 
7f042348d000-7f042358a000 rw-p 00000000 00:00 0 
7f042358a000-7f042358d000 ---p 00000000 00:00 0 
7f042358d000-7f042368b000 rw-p 00000000 00:00 0 
7f042368b000-7f0423bfc000 r--p 00000000 08:01 3145859                    /usr/lib/locale/locale-archive
7f0423bfc000-7f0423bff000 ---p 00000000 00:00 0 
7f0423bff000-7f0423cfd000 rw-p 00000000 00:00 0 
7f0423cfd000-7f0423d00000 ---p 00000000 00:00 0 
7f0423d00000-7f0423dfe000 rw-p 00000000 00:00 0 
7f0423dfe000-7f0423dff000 ---p 00000000 00:00 0 
7f0423dff000-7f0424000000 rw-p 00000000 00:00 0 
7f0424000000-7f0424021000 rw-p 00000000 00:00 0 
7f0424021000-7f0428000000 ---p 00000000 00:00 0 
7f0428001000-7f0428002000 r--s 00002000 08:01 4471448                    /home/luizgustavo/Downloads/apache-jena-3.10.0/lib/slf4j-log4j12-1.7.25.jar
7f0428002000-7f0428004000 r--s 00009000 08:01 4471420                    /home/luizgustavo/Downloads/apache-jena-3.10.0/lib/slf4j-api-1.7.25.jar
7f0428004000-7f042800d000 r--s 00077000 08:01 4471440                    /home/luizgustavo/Downloads/apache-jena-3.10.0/lib/jena-tdb-3.10.0.jar
7f042800d000-7f042800e000 r--s 0000c000 08:01 4471441                    /home/luizgustavo/Downloads/apache-jena-3.10.0/lib/jena-rdfconnection-3.10.0.jar
7f042800e000-7f0428010000 r--s 00020000 08:01 4471421                    /home/luizgustavo/Downloads/apache-jena-3.10.0/lib/jena-iri-3.10.0.jar
7f0428010000-7f0428013000 r--s 00010000 08:01 4471445                    /home/luizgustavo/Downloads/apache-jena-3.10.0/lib/jena-dboe-transaction-3.10.0.jar
7f0428013000-7f0428015000 r--s 00016000 08:01 4471444                    /home/luizgustavo/Downloads/apache-jena-3.10.0/lib/jena-dboe-trans-data-3.10.0.jar
7f0428015000-7f0428017000 r--s 00004000 08:01 4471447                    /home/luizgustavo/Downloads/apache-jena-3.10.0/lib/jena-dboe-index-3.10.0.jar
7f0428017000-7f042801a000 r--s 0001f000 08:01 4471446                    /home/luizgustavo/Downloads/apache-jena-3.10.0/lib/jena-dboe-base-3.10.0.jar
7f042801a000-7f0428039000 r--s 00197000 08:01 4471419                    /home/luizgustavo/Downloads/apache-jena-3.10.0/lib/jena-core-3.10.0.jar
7f0428039000-7f042803d000 r--s 0003d000 08:01 4471442                    /home/luizgustavo/Downloads/apache-jena-3.10.0/lib/jena-cmds-3.10.0.jar
7f042803d000-7f0428042000 r--s 00031000 08:01 4471424                    /home/luizgustavo/Downloads/apache-jena-3.10.0/lib/jena-base-3.10.0.jar
7f0428042000-7f0428078000 r--s 002b5000 08:01 4471418                    /home/luizgustavo/Downloads/apache-jena-3.10.0/lib/jena-arq-3.10.0.jar
7f0428078000-7f042807a000 r--s 00003000 08:01 4471437                    /home/luizgustavo/Downloads/apache-jena-3.10.0/lib/jcl-over-slf4j-1.7.25.jar
7f042807a000-7f042808d000 r--s 00137000 08:01 4471435                    /home/luizgustavo/Downloads/apache-jena-3.10.0/lib/jackson-databind-2.9.6.jar
7f042808d000-7f0428092000 r--s 0004b000 08:01 4471434                    /home/luizgustavo/Downloads/apache-jena-3.10.0/lib/jackson-core-2.9.6.jar
7f0428092000-7f0428099000 r--s 00049000 08:01 4471432                    /home/luizgustavo/Downloads/apache-jena-3.10.0/lib/httpcore-4.4.9.jar
7f0428099000-7f042809d000 r--s 00024000 08:01 4471438                    /home/luizgustavo/Downloads/apache-jena-3.10.0/lib/httpclient-cache-4.5.5.jar
7f042809d000-7f04280ab000 r--s 000ae000 08:01 4471431                    /home/luizgustavo/Downloads/apache-jena-3.10.0/lib/httpclient-4.5.5.jar
7f04280ab000-7f04280b2000 r--s 00064000 08:01 4471428                    /home/luizgustavo/Downloads/apache-jena-3.10.0/lib/commons-lang3-3.4.jar
7f04280b2000-7f04280b6000 r--s 00031000 08:01 4471427                    /home/luizgustavo/Downloads/apache-jena-3.10.0/lib/commons-io-2.6.jar
7f04280b6000-7f0428e26000 rw-p 00000000 00:00 0 
7f0428e26000-7f0429000000 r--s 03d6f000 08:01 3161712                    /usr/lib/jvm/java-8-oracle/jre/lib/rt.jar
7f0429000000-7f0429970000 rwxp 00000000 00:00 0 
7f0429970000-7f0438000000 ---p 00000000 00:00 0 
7f0438000000-7f0438a23000 rw-p 00000000 00:00 0 
7f0438a23000-7f043c000000 ---p 00000000 00:00 0 
7f043c000000-7f043c003000 r--s 0000e000 08:01 4471436                    /home/luizgustavo/Downloads/apache-jena-3.10.0/lib/jackson-annotations-2.9.0.jar
7f043c003000-7f043c005000 r--s 00009000 08:01 4471426                    /home/luizgustavo/Downloads/apache-jena-3.10.0/lib/commons-csv-1.5.jar
7f043c005000-7f043c010000 r--s 00085000 08:01 4471429                    /home/luizgustavo/Downloads/apache-jena-3.10.0/lib/commons-compress-1.17.jar
7f043c010000-7f043c017000 r--s 0004b000 08:01 4471423                    /home/luizgustavo/Downloads/apache-jena-3.10.0/lib/commons-codec-1.11.jar
7f043c017000-7f043c019000 r--s 0000c000 08:01 4471422                    /home/luizgustavo/Downloads/apache-jena-3.10.0/lib/commons-cli-1.4.jar
7f043c019000-7f043c01e000 r--s 00024000 08:01 4471430                    /home/luizgustavo/Downloads/apache-jena-3.10.0/lib/collection-0.7.jar
7f043c01e000-7f043ea78000 rw-p 00000000 00:00 0 
7f043ea78000-7f043ea79000 ---p 00000000 00:00 0 
7f043ea79000-7f043eb79000 rw-p 00000000 00:00 0 
7f043eb79000-7f043eb7a000 ---p 00000000 00:00 0 
7f043eb7a000-7f043ec7a000 rw-p 00000000 00:00 0 
7f043ec7a000-7f043ec7b000 ---p 00000000 00:00 0 
7f043ec7b000-7f043ed7b000 rw-p 00000000 00:00 0 
7f043ed7b000-7f043ed7c000 ---p 00000000 00:00 0 
7f043ed7c000-7f043ef21000 rw-p 00000000 00:00 0 
7f043ef21000-7f043efbc000 ---p 00000000 00:00 0 
7f043efbc000-7f043f061000 rw-p 00000000 00:00 0 
7f043f061000-7f043f0fb000 ---p 00000000 00:00 0 
7f043f0fb000-7f043f19b000 rw-p 00000000 00:00 0 
7f043f19b000-7f043f1c2000 rw-p 00000000 00:00 0 
7f043f1c2000-7f043f55c000 ---p 00000000 00:00 0 
7f043f55c000-7f043f577000 r-xp 00000000 08:01 3161769                    /usr/lib/jvm/java-8-oracle/jre/lib/amd64/libzip.so
7f043f577000-7f043f776000 ---p 0001b000 08:01 3161769                    /usr/lib/jvm/java-8-oracle/jre/lib/amd64/libzip.so
7f043f776000-7f043f777000 r--p 0001a000 08:01 3161769                    /usr/lib/jvm/java-8-oracle/jre/lib/amd64/libzip.so
7f043f777000-7f043f778000 rw-p 0001b000 08:01 3161769                    /usr/lib/jvm/java-8-oracle/jre/lib/amd64/libzip.so
7f043f778000-7f043f77b000 r--p 00000000 08:01 3808897                    /lib/x86_64-linux-gnu/libnss_files-2.28.so
7f043f77b000-7f043f782000 r-xp 00003000 08:01 3808897                    /lib/x86_64-linux-gnu/libnss_files-2.28.so
7f043f782000-7f043f785000 r--p 0000a000 08:01 3808897                    /lib/x86_64-linux-gnu/libnss_files-2.28.so
7f043f785000-7f043f786000 r--p 0000c000 08:01 3808897                    /lib/x86_64-linux-gnu/libnss_files-2.28.so
7f043f786000-7f043f787000 rw-p 0000d000 08:01 3808897                    /lib/x86_64-linux-gnu/libnss_files-2.28.so
7f043f787000-7f043f78d000 rw-p 00000000 00:00 0 
7f043f78d000-7f043f791000 r--p 00000000 08:01 3806371                    /lib/x86_64-linux-gnu/libnsl-2.28.so
7f043f791000-7f043f79f000 r-xp 00004000 08:01 3806371                    /lib/x86_64-linux-gnu/libnsl-2.28.so
7f043f79f000-7f043f7a4000 r--p 00012000 08:01 3806371                    /lib/x86_64-linux-gnu/libnsl-2.28.so
7f043f7a4000-7f043f7a5000 r--p 00016000 08:01 3806371                    /lib/x86_64-linux-gnu/libnsl-2.28.so
7f043f7a5000-7f043f7a6000 rw-p 00017000 08:01 3806371                    /lib/x86_64-linux-gnu/libnsl-2.28.so
7f043f7a6000-7f043f7bb000 rw-p 00000000 00:00 0 
7f043f7bb000-7f043f7c3000 rw-s 00000000 08:01 4595706                    /tmp/hsperfdata_luizgustavo/23161
7f043f7c3000-7f043f7ef000 r-xp 00000000 08:01 3161763                    /usr/lib/jvm/java-8-oracle/jre/lib/amd64/libjava.so
7f043f7ef000-7f043f9ef000 ---p 0002c000 08:01 3161763                    /usr/lib/jvm/java-8-oracle/jre/lib/amd64/libjava.so
7f043f9ef000-7f043f9f0000 r--p 0002c000 08:01 3161763                    /usr/lib/jvm/java-8-oracle/jre/lib/amd64/libjava.so
7f043f9f0000-7f043f9f2000 rw-p 0002d000 08:01 3161763                    /usr/lib/jvm/java-8-oracle/jre/lib/amd64/libjava.so
7f043f9f2000-7f043f9ff000 r-xp 00000000 08:01 3161768                    /usr/lib/jvm/java-8-oracle/jre/lib/amd64/libverify.so
7f043f9ff000-7f043fbfe000 ---p 0000d000 08:01 3161768                    /usr/lib/jvm/java-8-oracle/jre/lib/amd64/libverify.so
7f043fbfe000-7f043fc00000 r--p 0000c000 08:01 3161768                    /usr/lib/jvm/java-8-oracle/jre/lib/amd64/libverify.so
7f043fc00000-7f043fc01000 rw-p 0000e000 08:01 3161768                    /usr/lib/jvm/java-8-oracle/jre/lib/amd64/libverify.so
7f043fc01000-7f043fc03000 r--p 00000000 08:01 3808908                    /lib/x86_64-linux-gnu/librt-2.28.so
7f043fc03000-7f043fc07000 r-xp 00002000 08:01 3808908                    /lib/x86_64-linux-gnu/librt-2.28.so
7f043fc07000-7f043fc09000 r--p 00006000 08:01 3808908                    /lib/x86_64-linux-gnu/librt-2.28.so
7f043fc09000-7f043fc0a000 r--p 00007000 08:01 3808908                    /lib/x86_64-linux-gnu/librt-2.28.so
7f043fc0a000-7f043fc0b000 rw-p 00008000 08:01 3808908                    /lib/x86_64-linux-gnu/librt-2.28.so
7f043fc0b000-7f043fc0c000 ---p 00000000 00:00 0 
7f043fc0c000-7f043fc0f000 ---p 00000000 00:00 0 
7f043fc0f000-7f043fd0c000 rw-p 00000000 00:00 0 
7f043fd0c000-7f043fd19000 r--p 00000000 08:01 3806368                    /lib/x86_64-linux-gnu/libm-2.28.so
7f043fd19000-7f043fdc4000 r-xp 0000d000 08:01 3806368                    /lib/x86_64-linux-gnu/libm-2.28.so
7f043fdc4000-7f043fe97000 r--p 000b8000 08:01 3806368                    /lib/x86_64-linux-gnu/libm-2.28.so
7f043fe97000-7f043fe98000 r--p 0018a000 08:01 3806368                    /lib/x86_64-linux-gnu/libm-2.28.so
7f043fe98000-7f043fe99000 rw-p 0018b000 08:01 3806368                    /lib/x86_64-linux-gnu/libm-2.28.so
7f043fe99000-7f0440b81000 r-xp 00000000 08:01 3161791                    /usr/lib/jvm/java-8-oracle/jre/lib/amd64/server/libjvm.so
7f0440b81000-7f0440d80000 ---p 00ce8000 08:01 3161791                    /usr/lib/jvm/java-8-oracle/jre/lib/amd64/server/libjvm.so
7f0440d80000-7f0440e16000 r--p 00ce7000 08:01 3161791                    /usr/lib/jvm/java-8-oracle/jre/lib/amd64/server/libjvm.so
7f0440e16000-7f0440e47000 rw-p 00d7d000 08:01 3161791                    /usr/lib/jvm/java-8-oracle/jre/lib/amd64/server/libjvm.so
7f0440e47000-7f0440e84000 rw-p 00000000 00:00 0 
7f0440e84000-7f0440ea6000 r--p 00000000 08:01 3806166                    /lib/x86_64-linux-gnu/libc-2.28.so
7f0440ea6000-7f0441017000 r-xp 00022000 08:01 3806166                    /lib/x86_64-linux-gnu/libc-2.28.so
7f0441017000-7f0441063000 r--p 00193000 08:01 3806166                    /lib/x86_64-linux-gnu/libc-2.28.so
7f0441063000-7f0441064000 ---p 001df000 08:01 3806166                    /lib/x86_64-linux-gnu/libc-2.28.so
7f0441064000-7f0441068000 r--p 001df000 08:01 3806166                    /lib/x86_64-linux-gnu/libc-2.28.so
7f0441068000-7f044106a000 rw-p 001e3000 08:01 3806166                    /lib/x86_64-linux-gnu/libc-2.28.so
7f044106a000-7f044106e000 rw-p 00000000 00:00 0 
7f044106e000-7f044106f000 r--p 00000000 08:01 3806367                    /lib/x86_64-linux-gnu/libdl-2.28.so
7f044106f000-7f0441071000 r-xp 00001000 08:01 3806367                    /lib/x86_64-linux-gnu/libdl-2.28.so
7f0441071000-7f0441072000 r--p 00003000 08:01 3806367                    /lib/x86_64-linux-gnu/libdl-2.28.so
7f0441072000-7f0441073000 r--p 00003000 08:01 3806367                    /lib/x86_64-linux-gnu/libdl-2.28.so
7f0441073000-7f0441074000 rw-p 00004000 08:01 3806367                    /lib/x86_64-linux-gnu/libdl-2.28.so
7f0441074000-7f044108b000 r-xp 00000000 08:01 3161581                    /usr/lib/jvm/java-8-oracle/lib/amd64/jli/libjli.so
7f044108b000-7f044128a000 ---p 00017000 08:01 3161581                    /usr/lib/jvm/java-8-oracle/lib/amd64/jli/libjli.so
7f044128a000-7f044128b000 r--p 00016000 08:01 3161581                    /usr/lib/jvm/java-8-oracle/lib/amd64/jli/libjli.so
7f044128b000-7f044128c000 rw-p 00017000 08:01 3161581                    /usr/lib/jvm/java-8-oracle/lib/amd64/jli/libjli.so
7f044128c000-7f0441292000 r--p 00000000 08:01 3808902                    /lib/x86_64-linux-gnu/libpthread-2.28.so
7f0441292000-7f04412a1000 r-xp 00006000 08:01 3808902                    /lib/x86_64-linux-gnu/libpthread-2.28.so
7f04412a1000-7f04412a7000 r--p 00015000 08:01 3808902                    /lib/x86_64-linux-gnu/libpthread-2.28.so
7f04412a7000-7f04412a8000 r--p 0001a000 08:01 3808902                    /lib/x86_64-linux-gnu/libpthread-2.28.so
7f04412a8000-7f04412a9000 rw-p 0001b000 08:01 3808902                    /lib/x86_64-linux-gnu/libpthread-2.28.so
7f04412a9000-7f04412ad000 rw-p 00000000 00:00 0 
7f04412ad000-7f04412af000 r--p 00000000 08:01 3808899                    /lib/x86_64-linux-gnu/libnss_nis-2.28.so
7f04412af000-7f04412b7000 r-xp 00002000 08:01 3808899                    /lib/x86_64-linux-gnu/libnss_nis-2.28.so
7f04412b7000-7f04412b9000 r--p 0000a000 08:01 3808899                    /lib/x86_64-linux-gnu/libnss_nis-2.28.so
7f04412b9000-7f04412ba000 r--p 0000b000 08:01 3808899                    /lib/x86_64-linux-gnu/libnss_nis-2.28.so
7f04412ba000-7f04412bb000 rw-p 0000c000 08:01 3808899                    /lib/x86_64-linux-gnu/libnss_nis-2.28.so
7f04412bb000-7f04412bd000 r--p 00000000 08:01 3806420                    /lib/x86_64-linux-gnu/libnss_compat-2.28.so
7f04412bd000-7f04412c3000 r-xp 00002000 08:01 3806420                    /lib/x86_64-linux-gnu/libnss_compat-2.28.so
7f04412c3000-7f04412c4000 r--p 00008000 08:01 3806420                    /lib/x86_64-linux-gnu/libnss_compat-2.28.so
7f04412c4000-7f04412c5000 r--p 00008000 08:01 3806420                    /lib/x86_64-linux-gnu/libnss_compat-2.28.so
7f04412c5000-7f04412c6000 rw-p 00009000 08:01 3806420                    /lib/x86_64-linux-gnu/libnss_compat-2.28.so
7f04412c6000-7f04412c7000 rw-p 00000000 00:00 0 
7f04412c7000-7f04412c8000 ---p 00000000 00:00 0 
7f04412c8000-7f04412ca000 rw-p 00000000 00:00 0 
7f04412ca000-7f04412cb000 r--p 00000000 08:01 3801124                    /lib/x86_64-linux-gnu/ld-2.28.so
7f04412cb000-7f04412eb000 r-xp 00001000 08:01 3801124                    /lib/x86_64-linux-gnu/ld-2.28.so
7f04412eb000-7f04412f3000 r--p 00021000 08:01 3801124                    /lib/x86_64-linux-gnu/ld-2.28.so
7f04412f3000-7f04412f4000 r--p 00028000 08:01 3801124                    /lib/x86_64-linux-gnu/ld-2.28.so
7f04412f4000-7f04412f5000 rw-p 00029000 08:01 3801124                    /lib/x86_64-linux-gnu/ld-2.28.so
7f04412f5000-7f04412f6000 rw-p 00000000 00:00 0 
7fffa0ef1000-7fffa0f13000 rw-p 00000000 00:00 0                          [stack]
7fffa0ff4000-7fffa0ff7000 r--p 00000000 00:00 0                          [vvar]
7fffa0ff7000-7fffa0ff9000 r-xp 00000000 00:00 0                          [vdso]
ffffffffff600000-ffffffffff601000 r-xp 00000000 00:00 0                  [vsyscall]

VM Arguments:
jvm_args: -Dfile.encoding=UTF-8 
java_command: projetoEDAM.ProjetoEDAM
java_class_path (initial): /home/luizgustavo/Downloads/apache-jena-3.10.0/lib/collection-0.7.jar:/home/luizgustavo/Downloads/apache-jena-3.10.0/lib/commons-cli-1.4.jar:/home/luizgustavo/Downloads/apache-jena-3.10.0/lib/commons-codec-1.11.jar:/home/luizgustavo/Downloads/apache-jena-3.10.0/lib/commons-compress-1.17.jar:/home/luizgustavo/Downloads/apache-jena-3.10.0/lib/commons-csv-1.5.jar:/home/luizgustavo/Downloads/apache-jena-3.10.0/lib/commons-io-2.6.jar:/home/luizgustavo/Downloads/apache-jena-3.10.0/lib/commons-lang3-3.4.jar:/home/luizgustavo/Downloads/apache-jena-3.10.0/lib/httpclient-4.5.5.jar:/home/luizgustavo/Downloads/apache-jena-3.10.0/lib/httpclient-cache-4.5.5.jar:/home/luizgustavo/Downloads/apache-jena-3.10.0/lib/httpcore-4.4.9.jar:/home/luizgustavo/Downloads/apache-jena-3.10.0/lib/jackson-annotations-2.9.0.jar:/home/luizgustavo/Downloads/apache-jena-3.10.0/lib/jackson-core-2.9.6.jar:/home/luizgustavo/Downloads/apache-jena-3.10.0/lib/jackson-databind-2.9.6.jar:/home/luizgustavo/Downloads/apache-jena-3.10.0/lib/jcl-over-slf4j-1.7.25.jar:/home/luizgustavo/Downloads/apache-jena-3.10.0/lib/jena-arq-3.10.0.jar:/home/luizgustavo/Downloads/apache-jena-3.10.0/lib/jena-base-3.10.0.jar:/home/luizgustavo/Downloads/apache-jena-3.10.0/lib/jena-cmds-3.10.0.jar:/home/luizgustavo/Downloads/apache-jena-3.10.0/lib/jena-core-3.10.0.jar:/home/luizgustavo/Downloads/apache-jena-3.10.0/lib/jena-dboe-base-3.10.0.jar:/home/luizgustavo/Downloads/apache-jena-3.10.0/lib/jena-dboe-index-3.10.0.jar:/home/luizgustavo/Downloads/apache-jena-3.10.0/lib/jena-dboe-trans-data-3.10.0.jar:/home/luizgustavo/Downloads/apache-jena-3.10.0/lib/jena-dboe-transaction-3.10.0.jar:/home/luizgustavo/Downloads/apache-jena-3.10.0/lib/jena-iri-3.10.0.jar:/home/luizgustavo/Downloads/apache-jena-3.10.0/lib/jena-rdfconnection-3.10.0.jar:/home/luizgustavo/Downloads/apache-jena-3.10.0/lib/jena-shaded-guava-3.10.0.jar:/home/luizgustavo/Downloads/apache-jena-3.10.0/lib/jena-tdb-3.10.0.jar:/home/luizgustavo/Downl
Launcher Type: SUN_STANDARD

Environment Variables:
JAVA_HOME=/usr/lib/jvm/java-8-oracle
PATH=/usr/local/sbin:/usr/local/bin:/usr/sbin:/usr/bin:/sbin:/bin:/usr/games:/usr/local/games:/snap/bin:/usr/lib/jvm/java-8-oracle/bin:/usr/lib/jvm/java-8-oracle/db/bin:/usr/lib/jvm/java-8-oracle/jre/bin
USERNAME=luizgustavo
LD_LIBRARY_PATH=/usr/lib/jvm/java-8-oracle/jre/lib/amd64:/usr/lib/jvm/java-8-oracle/jre/lib/i386:
SHELL=/bin/bash
DISPLAY=:0

Signal Handlers:
SIGSEGV: [libjvm.so+0xad3e60], sa_mask[0]=11111111011111111101111111111110, sa_flags=SA_RESTART|SA_SIGINFO
SIGBUS: [libjvm.so+0xad3e60], sa_mask[0]=11111111011111111101111111111110, sa_flags=SA_RESTART|SA_SIGINFO
SIGFPE: [libjvm.so+0x90b880], sa_mask[0]=11111111011111111101111111111110, sa_flags=SA_RESTART|SA_SIGINFO
SIGPIPE: [libjvm.so+0x90b880], sa_mask[0]=11111111011111111101111111111110, sa_flags=SA_RESTART|SA_SIGINFO
SIGXFSZ: [libjvm.so+0x90b880], sa_mask[0]=11111111011111111101111111111110, sa_flags=SA_RESTART|SA_SIGINFO
SIGILL: [libjvm.so+0x90b880], sa_mask[0]=11111111011111111101111111111110, sa_flags=SA_RESTART|SA_SIGINFO
SIGUSR1: SIG_DFL, sa_mask[0]=00000000000000000000000000000000, sa_flags=none
SIGUSR2: [libjvm.so+0x90b750], sa_mask[0]=00100000000000000000000000000000, sa_flags=SA_RESTART|SA_SIGINFO
SIGHUP: [libjvm.so+0x90bd70], sa_mask[0]=11111111011111111101111111111110, sa_flags=SA_RESTART|SA_SIGINFO
SIGINT: SIG_IGN, sa_mask[0]=00000000000000000000000000000000, sa_flags=none
SIGTERM: [libjvm.so+0x90bd70], sa_mask[0]=11111111011111111101111111111110, sa_flags=SA_RESTART|SA_SIGINFO
SIGQUIT: [libjvm.so+0x90bd70], sa_mask[0]=11111111011111111101111111111110, sa_flags=SA_RESTART|SA_SIGINFO


---------------  S Y S T E M  ---------------

OS:DISTRIB_ID=Ubuntu
DISTRIB_RELEASE=18.10
DISTRIB_CODENAME=cosmic
DISTRIB_DESCRIPTION="Ubuntu 18.10"

uname:Linux 4.15.0-51-generic #55-Ubuntu SMP Wed May 15 14:27:21 UTC 2019 x86_64
libc:glibc 2.28 NPTL 2.28 
rlimit: STACK 8192k, CORE 0k, NPROC 15133, NOFILE 1048576, AS infinity
load average:1,71 2,70 3,17

/proc/meminfo:
MemTotal:        3918284 kB
MemFree:          108528 kB
MemAvailable:      30800 kB
Buffers:            1432 kB
Cached:           271764 kB
SwapCached:        12728 kB
Active:          2663596 kB
Inactive:         793876 kB
Active(anon):    2656376 kB
Inactive(anon):   779704 kB
Active(file):       7220 kB
Inactive(file):    14172 kB
Unevictable:          80 kB
Mlocked:              80 kB
SwapTotal:       1950716 kB
SwapFree:             28 kB
Dirty:                40 kB
Writeback:             0 kB
AnonPages:       3173212 kB
Mapped:            92492 kB
Shmem:            251764 kB
Slab:             193084 kB
SReclaimable:      69476 kB
SUnreclaim:       123608 kB
KernelStack:       16464 kB
PageTables:        55956 kB
NFS_Unstable:          0 kB
Bounce:                0 kB
WritebackTmp:          0 kB
CommitLimit:     3909856 kB
Committed_AS:   13484212 kB
VmallocTotal:   34359738367 kB
VmallocUsed:           0 kB
VmallocChunk:          0 kB
HardwareCorrupted:     0 kB
AnonHugePages:         0 kB
ShmemHugePages:        0 kB
ShmemPmdMapped:        0 kB
CmaTotal:              0 kB
CmaFree:               0 kB
HugePages_Total:       0
HugePages_Free:        0
HugePages_Rsvd:        0
HugePages_Surp:        0
Hugepagesize:       2048 kB
DirectMap4k:      404880 kB
DirectMap2M:     3667968 kB
DirectMap1G:           0 kB

container (cgroup) information:
container_type: cgroupv1
cpu_cpuset_cpus: 0-3
cpu_memory_nodes: 0
active_processor_count: 4
cpu_quota: -1
cpu_period: 100000
cpu_shares: -1
memory_limit_in_bytes: -1
memory_and_swap_limit_in_bytes: -2
memory_soft_limit_in_bytes: -1
memory_usage_in_bytes: 3345027072
memory_max_usage_in_bytes: 3569766400


CPU:total 4 (initial active 4) (2 cores per cpu, 2 threads per core) family 6 model 78 stepping 3, cmov, cx8, fxsr, mmx, sse, sse2, sse3, ssse3, sse4.1, sse4.2, popcnt, avx, avx2, aes, clmul, erms, rtm, 3dnowpref, lzcnt, ht, tsc, tscinvbit, bmi1, bmi2, adx

/proc/cpuinfo:
processor	: 0
vendor_id	: GenuineIntel
cpu family	: 6
model		: 78
model name	: Intel(R) Core(TM) i3-6100U CPU @ 2.30GHz
stepping	: 3
microcode	: 0xcc
cpu MHz		: 1365.854
cache size	: 3072 KB
physical id	: 0
siblings	: 4
core id		: 0
cpu cores	: 2
apicid		: 0
initial apicid	: 0
fpu		: yes
fpu_exception	: yes
cpuid level	: 22
wp		: yes
flags		: fpu vme de pse tsc msr pae mce cx8 apic sep mtrr pge mca cmov pat pse36 clflush dts acpi mmx fxsr sse sse2 ss ht tm pbe syscall nx pdpe1gb rdtscp lm constant_tsc art arch_perfmon pebs bts rep_good nopl xtopology nonstop_tsc cpuid aperfmperf tsc_known_freq pni pclmulqdq dtes64 monitor ds_cpl vmx est tm2 ssse3 sdbg fma cx16 xtpr pdcm pcid sse4_1 sse4_2 x2apic movbe popcnt tsc_deadline_timer aes xsave avx f16c rdrand lahf_lm abm 3dnowprefetch cpuid_fault epb invpcid_single pti ssbd ibrs ibpb stibp tpr_shadow vnmi flexpriority ept vpid fsgsbase tsc_adjust bmi1 hle avx2 smep bmi2 erms invpcid rtm mpx rdseed adx smap clflushopt intel_pt xsaveopt xsavec xgetbv1 xsaves dtherm ida arat pln pts hwp hwp_notify hwp_act_window hwp_epp md_clear flush_l1d
bugs		: cpu_meltdown spectre_v1 spectre_v2 spec_store_bypass l1tf mds
bogomips	: 4608.00
clflush size	: 64
cache_alignment	: 64
address sizes	: 39 bits physical, 48 bits virtual
power management:

processor	: 1
vendor_id	: GenuineIntel
cpu family	: 6
model		: 78
model name	: Intel(R) Core(TM) i3-6100U CPU @ 2.30GHz
stepping	: 3
microcode	: 0xcc
cpu MHz		: 1304.426
cache size	: 3072 KB
physical id	: 0
siblings	: 4
core id		: 1
cpu cores	: 2
apicid		: 2
initial apicid	: 2
fpu		: yes
fpu_exception	: yes
cpuid level	: 22
wp		: yes
flags		: fpu vme de pse tsc msr pae mce cx8 apic sep mtrr pge mca cmov pat pse36 clflush dts acpi mmx fxsr sse sse2 ss ht tm pbe syscall nx pdpe1gb rdtscp lm constant_tsc art arch_perfmon pebs bts rep_good nopl xtopology nonstop_tsc cpuid aperfmperf tsc_known_freq pni pclmulqdq dtes64 monitor ds_cpl vmx est tm2 ssse3 sdbg fma cx16 xtpr pdcm pcid sse4_1 sse4_2 x2apic movbe popcnt tsc_deadline_timer aes xsave avx f16c rdrand lahf_lm abm 3dnowprefetch cpuid_fault epb invpcid_single pti ssbd ibrs ibpb stibp tpr_shadow vnmi flexpriority ept vpid fsgsbase tsc_adjust bmi1 hle avx2 smep bmi2 erms invpcid rtm mpx rdseed adx smap clflushopt intel_pt xsaveopt xsavec xgetbv1 xsaves dtherm ida arat pln pts hwp hwp_notify hwp_act_window hwp_epp md_clear flush_l1d
bugs		: cpu_meltdown spectre_v1 spectre_v2 spec_store_bypass l1tf mds
bogomips	: 4608.00
clflush size	: 64
cache_alignment	: 64
address sizes	: 39 bits physical, 48 bits virtual
power management:

processor	: 2
vendor_id	: GenuineIntel
cpu family	: 6
model		: 78
model name	: Intel(R) Core(TM) i3-6100U CPU @ 2.30GHz
stepping	: 3
microcode	: 0xcc
cpu MHz		: 1287.552
cache size	: 3072 KB
physical id	: 0
siblings	: 4
core id		: 0
cpu cores	: 2
apicid		: 1
initial apicid	: 1
fpu		: yes
fpu_exception	: yes
cpuid level	: 22
wp		: yes
flags		: fpu vme de pse tsc msr pae mce cx8 apic sep mtrr pge mca cmov pat pse36 clflush dts acpi mmx fxsr sse sse2 ss ht tm pbe syscall nx pdpe1gb rdtscp lm constant_tsc art arch_perfmon pebs bts rep_good nopl xtopology nonstop_tsc cpuid aperfmperf tsc_known_freq pni pclmulqdq dtes64 monitor ds_cpl vmx est tm2 ssse3 sdbg fma cx16 xtpr pdcm pcid sse4_1 sse4_2 x2apic movbe popcnt tsc_deadline_timer aes xsave avx f16c rdrand lahf_lm abm 3dnowprefetch cpuid_fault epb invpcid_single pti ssbd ibrs ibpb stibp tpr_shadow vnmi flexpriority ept vpid fsgsbase tsc_adjust bmi1 hle avx2 smep bmi2 erms invpcid rtm mpx rdseed adx smap clflushopt intel_pt xsaveopt xsavec xgetbv1 xsaves dtherm ida arat pln pts hwp hwp_notify hwp_act_window hwp_epp md_clear flush_l1d
bugs		: cpu_meltdown spectre_v1 spectre_v2 spec_store_bypass l1tf mds
bogomips	: 4608.00
clflush size	: 64
cache_alignment	: 64
address sizes	: 39 bits physical, 48 bits virtual
power management:

processor	: 3
vendor_id	: GenuineIntel
cpu family	: 6
model		: 78
model name	: Intel(R) Core(TM) i3-6100U CPU @ 2.30GHz
stepping	: 3
microcode	: 0xcc
cpu MHz		: 1303.563
cache size	: 3072 KB
physical id	: 0
siblings	: 4
core id		: 1
cpu cores	: 2
apicid		: 3
initial apicid	: 3
fpu		: yes
fpu_exception	: yes
cpuid level	: 22
wp		: yes
flags		: fpu vme de pse tsc msr pae mce cx8 apic sep mtrr pge mca cmov pat pse36 clflush dts acpi mmx fxsr sse sse2 ss ht tm pbe syscall nx pdpe1gb rdtscp lm constant_tsc art arch_perfmon pebs bts rep_good nopl xtopology nonstop_tsc cpuid aperfmperf tsc_known_freq pni pclmulqdq dtes64 monitor ds_cpl vmx est tm2 ssse3 sdbg fma cx16 xtpr pdcm pcid sse4_1 sse4_2 x2apic movbe popcnt tsc_deadline_timer aes xsave avx f16c rdrand lahf_lm abm 3dnowprefetch cpuid_fault epb invpcid_single pti ssbd ibrs ibpb stibp tpr_shadow vnmi flexpriority ept vpid fsgsbase tsc_adjust bmi1 hle avx2 smep bmi2 erms invpcid rtm mpx rdseed adx smap clflushopt intel_pt xsaveopt xsavec xgetbv1 xsaves dtherm ida arat pln pts hwp hwp_notify hwp_act_window hwp_epp md_clear flush_l1d
bugs		: cpu_meltdown spectre_v1 spectre_v2 spec_store_bypass l1tf mds
bogomips	: 4608.00
clflush size	: 64
cache_alignment	: 64
address sizes	: 39 bits physical, 48 bits virtual
power management:



Memory: 4k page, physical 3918284k(103984k free), swap 1950716k(0k free)

vm_info: Java HotSpot(TM) 64-Bit Server VM (25.201-b09) for linux-amd64 JRE (1.8.0_201-b09), built on Dec 15 2018 11:35:59 by "java_re" with gcc 7.3.0

time: Mon Jun 17 16:21:45 2019
timezone: -03
elapsed time: 16 seconds (0d 0h 0m 16s)

